<?xml version="1.0" encoding="UTF-8" ?>
<testsuite failures="0" time="0" errors="0" skipped="0" tests="4" name="com.emplcontrol.controller.LoginControllerTest">
  <properties>
[...]
</properties>
  <testcase time="0" classname="com.emplcontrol.controller.LoginControllerTest" name="testLogin"/>
  <testcase time="0" classname="com.emplcontrol.controller.LoginControllerTest" name="testStartpage"/>
  <testcase time="0" classname="com.emplcontrol.controller.LoginControllerTest" name="testLoginerror"/>
  <testcase time="0" classname="com.emplcontrol.controller.LoginControllerTest" name="Logout"/>
</testsuite>